17194 51644 324
53718 75143 335
109532 33428 354
82194 54368 351
15451 56314 340
451888 445164 387
4060 62207 340
41908 16616 324
427 8976 262
20671 5028 279
78370 69369 351
67876 26960 340
68705 106931 354
343379 355655 441
13873 82655 351
70349 61971 330
72917 109310 354
79711 29140 351
43708 7778 324
46757 22544 324
106782 106828 217
50407 38610 314
15890 109512 354
10870 51205 324
26 98799 351
108156 27827 354
18746 47028 324
78254 109139 354
52886 10983 340
82670 82352 320
35144 104881 351
24558 41751 324
32780 101635 351
39263 63879 340
278 96315 351
10171 26689 308
346936 354470 379
31114 107012 354
889 76102 340
558256 555819 346
76955 88227 351
31757 85908 351
70778 67618 312
102461 73759 351
43713 16195 324
10780 91125 351
12109 26664 308
16103 36666 324
78470 110176 354
85333 13135 351
37432 97120 351
99422 100184 341
568591 569452 359
860812 861451 313
447670 447998 325
50 100 119
65 85 116
169787 54007 383
50700 218433 386
159145 260706 443
143357 151778 370
229275 205917 386
164816 123606 383
110195 161280 383
124613 59727 354
199209 237903 443
268001 115743 443
140996 273569 443
723600 614245 447
561484 425330 470
462679 536658 470
709420 675589 442
612036 518123 452
632327 604320 447
515994 383511 470
601099 274528 470
731574 496338 470
379619 396489 436
655781 543796 452
71343 71383 219
48912 48880 221
86515 86480 227
69828 69891 157
911015 911074 264
119676 119593 243
979303 979299 153
685653 685718 261
18496 18448 230
317635 317536 185
25 26 24
18382 18386 93
89475 89480 271
574768 574767 222
217596 217604 249
312204 312198 159
205323 205317 192
642366 642361 217
773458 773466 163
189956 189952 223
246790 246785 63
40 60 113
70 80 116
