60206 32765 340
62540 76130 330
91135 105002 341
321793 322251 260
88736 49727 351
763094 761012 362
61366 81533 351
92064 35684 351
78113 103852 341
338688 336906 366
629187 629125 173
303799 305590 340
8261 61199 340
8843 100450 351
2460 31242 308
64416 35910 340
49918 100116 351
675530 677147 385
109393 31426 354
620859 613806 447
327566 333349 353
42755 1545 324
98304 33950 351
706086 706919 305
23704 67600 340
35740 23218 324
498350 496194 351
226343 215185 386
99179 91088 333
469326 468673 351
50765 71180 340
112277 49658 354
685501 682427 380
2353 14295 276
65962 88552 351
73292 19634 340
105654 104394 341
51855 101527 351
89885 542 351
12074 66401 340
393210 400697 405
56730 78900 351
99733 39178 351
946 37680 324
75103 62317 330
74329 5745 340
112102 2150 354
801948 799501 406
83770 43891 351
357352 341094 441
458426 458437 232
71897 51991 340
35158 99629 351
91870 3290 351
54724 27240 340
80541 98251 333
435 77994 351
105582 362 351
76564 15476 340
33023 22777 308
34040 2145 308
692429 692305 261
788732 796730 468
568582 569809 359
110463 95571 354
110470 46655 354
295983 294595 358
60566 22206 340
73822 3885 340
109891 78349 354
48332 11483 324
191859 191338 329
46491 8208 324
438055 447674 400
109082 78462 354
22335 64780 340
23096 79872 351
28170 5287 308
224607 221421 337
768906 768727 331
236789 229040 443
78426 31672 351
65149 34357 340
400724 399626 374
128524 115873 336
881135 878457 357
11168 40326 324
50319 53980 340
209253 212040 355
72603 54257 335
96188 48305 351
99796 23428 351
9611 16291 276
50704 28825 324
301264 293585 371
109909 25873 354
410072 410665 312
306960 308315 371
48056 57256 340
502 42060 324
